<?xml version="1.0" encoding="UTF-8"?>
<testsuite xmlns:xsi="http://www.w3.org/2001/XMLSchema-instance" xsi:noNamespaceSchemaLocation="https://maven.apache.org/surefire/maven-surefire-plugin/xsd/surefire-test-report.xsd" version="3.0.2" name="com.jordanvoss.pillarstrength.PillarStrengthApplicationTests" time="1.792" tests="1" errors="0" skipped="0" failures="0">
  <properties>
[...]
</properties>
  <testcase name="contextLoads" classname="com.jordanvoss.pillarstrength.PillarStrengthApplicationTests" time="0.005">
    <system-out><![CDATA[2026-01-29T00:36:25.530Z  INFO 159817 --- [pillar-strength] [           main] t.c.s.AnnotationConfigContextLoaderUtils : Could not detect default configuration classes for test class [com.jordanvoss.pillarstrength.PillarStrengthApplicationTests]: PillarStrengthApplicationTests does not declare any static, non-private, non-final, nested classes annotated with @Configuration.
2026-01-29T00:36:25.537Z  INFO 159817 --- [pillar-strength] [           main] .b.t.c.SpringBootTestContextBootstrapper : Found @SpringBootConfiguration com.jordanvoss.pillarstrength.PillarStrengthApplication for test class com.jordanvoss.pillarstrength.PillarStrengthApplicationTests

  .   ____          _            __ _ _
 /\\ / ___'_ __ _ _(_)_ __  __ _ \ \ \ \
( ( )\___ | '_ | '_| | '_ \/ _` | \ \ \ \
 \\/  ___)| |_)| | | | | || (_| |  ) ) ) )
  '  |____| .__|_| |_|_| |_\__, | / / / /
 =========|_|==============|___/=/_/_/_/

 :: Spring Boot ::                (v3.5.9)

2026-01-29T00:36:25.560Z  INFO 159817 --- [pillar-strength] [           main] c.j.p.PillarStrengthApplicationTests     : Starting PillarStrengthApplicationTests using Java 21.0.9 with PID 159817 (started by jordanvoss in /home/jordanvoss/repos/pillar-strength/apps/api/pillar-strength)
2026-01-29T00:36:25.560Z  INFO 159817 --- [pillar-strength] [           main] c.j.p.PillarStrengthApplicationTests     : The following 1 profile is active: "test"
2026-01-29T00:36:25.913Z  INFO 159817 --- [pillar-strength] [           main] .s.d.r.c.RepositoryConfigurationDelegate : Bootstrapping Spring Data JPA repositories in DEFAULT mode.
2026-01-29T00:36:25.934Z  INFO 159817 --- [pillar-strength] [           main] .s.d.r.c.RepositoryConfigurationDelegate : Finished Spring Data repository scanning in 15 ms. Found 1 JPA repository interface.
2026-01-29T00:36:26.013Z  INFO 159817 --- [pillar-strength] [           main] ptablePropertiesBeanFactoryPostProcessor : Post-processing PropertySource instances
2026-01-29T00:36:26.014Z  INFO 159817 --- [pillar-strength] [           main] c.u.j.EncryptablePropertySourceConverter : Skipping PropertySource configurationProperties [class org.springframework.boot.context.properties.source.ConfigurationPropertySourcesPropertySource
2026-01-29T00:36:26.015Z  INFO 159817 --- [pillar-strength] [           main] c.u.j.EncryptablePropertySourceConverter : Converting PropertySource test [org.springframework.core.env.MapPropertySource] to EncryptableMapPropertySourceWrapper
2026-01-29T00:36:26.015Z  INFO 159817 --- [pillar-strength] [           main] c.u.j.EncryptablePropertySourceConverter : Converting PropertySource Inlined Test Properties [org.springframework.core.env.MapPropertySource] to EncryptableMapPropertySourceWrapper
2026-01-29T00:36:26.015Z  INFO 159817 --- [pillar-strength] [           main] c.u.j.EncryptablePropertySourceConverter : Converting PropertySource active-test-profiles [org.springframework.core.env.MapPropertySource] to EncryptableMapPropertySourceWrapper
2026-01-29T00:36:26.015Z  INFO 159817 --- [pillar-strength] [           main] c.u.j.EncryptablePropertySourceConverter : Skipping PropertySource servletConfigInitParams [class org.springframework.core.env.PropertySource$StubPropertySource
2026-01-29T00:36:26.015Z  INFO 159817 --- [pillar-strength] [           main] c.u.j.EncryptablePropertySourceConverter : Converting PropertySource servletContextInitParams [org.springframework.web.context.support.ServletContextPropertySource] to EncryptableEnumerablePropertySourceWrapper
2026-01-29T00:36:26.015Z  INFO 159817 --- [pillar-strength] [           main] c.u.j.EncryptablePropertySourceConverter : Converting PropertySource systemProperties [org.springframework.core.env.PropertiesPropertySource] to EncryptableMapPropertySourceWrapper
2026-01-29T00:36:26.015Z  INFO 159817 --- [pillar-strength] [           main] c.u.j.EncryptablePropertySourceConverter : Converting PropertySource systemEnvironment [org.springframework.boot.env.SystemEnvironmentPropertySourceEnvironmentPostProcessor$OriginAwareSystemEnvironmentPropertySource] to EncryptableSystemEnvironmentPropertySourceWrapper
2026-01-29T00:36:26.015Z  INFO 159817 --- [pillar-strength] [           main] c.u.j.EncryptablePropertySourceConverter : Converting PropertySource random [org.springframework.boot.env.RandomValuePropertySource] to EncryptablePropertySourceWrapper
2026-01-29T00:36:26.015Z  INFO 159817 --- [pillar-strength] [           main] c.u.j.EncryptablePropertySourceConverter : Converting PropertySource Config resource 'class path resource [application-test.properties]' via location 'optional:classpath:/' [org.springframework.boot.env.OriginTrackedMapPropertySource] to EncryptableMapPropertySourceWrapper
2026-01-29T00:36:26.015Z  INFO 159817 --- [pillar-strength] [           main] c.u.j.EncryptablePropertySourceConverter : Converting PropertySource Config resource 'class path resource [application.properties]' via location 'optional:classpath:/' [org.springframework.boot.env.OriginTrackedMapPropertySource] to EncryptableMapPropertySourceWrapper
2026-01-29T00:36:26.016Z  INFO 159817 --- [pillar-strength] [           main] c.u.j.EncryptablePropertySourceConverter : Converting PropertySource applicationInfo [org.springframework.boot.ApplicationInfoPropertySource] to EncryptableMapPropertySourceWrapper
2026-01-29T00:36:26.059Z  INFO 159817 --- [pillar-strength] [           main] c.u.j.filter.DefaultLazyPropertyFilter   : Property Filter custom Bean not found with name 'encryptablePropertyFilter'. Initializing Default Property Filter
2026-01-29T00:36:26.064Z  INFO 159817 --- [pillar-strength] [           main] c.u.j.r.DefaultLazyPropertyResolver      : Property Resolver custom Bean not found with name 'encryptablePropertyResolver'. Initializing Default Property Resolver
2026-01-29T00:36:26.065Z  INFO 159817 --- [pillar-strength] [           main] c.u.j.d.DefaultLazyPropertyDetector      : Property Detector custom Bean not found with name 'encryptablePropertyDetector'. Initializing Default Property Detector
2026-01-29T00:36:26.120Z  INFO 159817 --- [pillar-strength] [           main] o.hibernate.jpa.internal.util.LogHelper  : HHH000204: Processing PersistenceUnitInfo [name: default]
2026-01-29T00:36:26.146Z  INFO 159817 --- [pillar-strength] [           main] org.hibernate.Version                    : HHH000412: Hibernate ORM core version 6.6.39.Final
2026-01-29T00:36:26.163Z  INFO 159817 --- [pillar-strength] [           main] o.h.c.internal.RegionFactoryInitiator    : HHH000026: Second-level cache disabled
2026-01-29T00:36:26.223Z  INFO 159817 --- [pillar-strength] [           main] o.s.o.j.p.SpringPersistenceUnitInfo      : No LoadTimeWeaver setup: ignoring JPA class transformer
2026-01-29T00:36:26.238Z  INFO 159817 --- [pillar-strength] [           main] com.zaxxer.hikari.HikariDataSource       : HikariPool-1 - Starting...
2026-01-29T00:36:26.346Z  INFO 159817 --- [pillar-strength] [           main] com.zaxxer.hikari.pool.HikariPool        : HikariPool-1 - Added connection conn0: url=jdbc:h2:mem:pillar user=SA
2026-01-29T00:36:26.347Z  INFO 159817 --- [pillar-strength] [           main] com.zaxxer.hikari.HikariDataSource       : HikariPool-1 - Start completed.
2026-01-29T00:36:26.359Z  WARN 159817 --- [pillar-strength] [           main] org.hibernate.dialect.Dialect            : HHH000511: The 2.3.232 version for [org.hibernate.dialect.PostgreSQLDialect] is no longer supported, hence certain features may not work properly. The minimum supported version is 12.0.0. Check the community dialects project for available legacy versions.
2026-01-29T00:36:26.363Z  WARN 159817 --- [pillar-strength] [           main] org.hibernate.orm.deprecation            : HHH90000025: PostgreSQLDialect does not need to be specified explicitly using 'hibernate.dialect' (remove the property setting and it will be selected by default)
2026-01-29T00:36:26.374Z  INFO 159817 --- [pillar-strength] [           main] org.hibernate.orm.connections.pooling    : HHH10001005: Database info:
	Database JDBC URL [Connecting through datasource 'HikariDataSource (HikariPool-1)']
	Database driver: undefined/unknown
	Database version: 2.3.232
	Autocommit mode: undefined/unknown
	Isolation level: undefined/unknown
	Minimum pool size: undefined/unknown
	Maximum pool size: undefined/unknown
2026-01-29T00:36:26.712Z  INFO 159817 --- [pillar-strength] [           main] o.h.e.t.j.p.i.JtaPlatformInitiator       : HHH000489: No JTA platform available (set 'hibernate.transaction.jta.platform' to enable JTA platform integration)
2026-01-29T00:36:26.731Z  INFO 159817 --- [pillar-strength] [           main] j.LocalContainerEntityManagerFactoryBean : Initialized JPA EntityManagerFactory for persistence unit 'default'
2026-01-29T00:36:26.933Z  WARN 159817 --- [pillar-strength] [           main] JpaBaseConfiguration$JpaWebConfiguration : spring.jpa.open-in-view is enabled by default. Therefore, database queries may be performed during view rendering. Explicitly configure spring.jpa.open-in-view to disable this warning
2026-01-29T00:36:27.226Z  INFO 159817 --- [pillar-strength] [           main] o.s.b.a.e.web.EndpointLinksResolver      : Exposing 2 endpoints beneath base path '/actuator'
2026-01-29T00:36:27.274Z  INFO 159817 --- [pillar-strength] [           main] c.j.p.PillarStrengthApplicationTests     : Started PillarStrengthApplicationTests in 1.733 seconds (process running for 3.843)
]]></system-out>
  </testcase>
</testsuite>